<?xml version="1.0" encoding="UTF-8"?>
<testng-results ignored="0" total="1" passed="1" failed="0" skipped="0">
  <reporter-output>
  </reporter-output>
  <suite started-at="2025-02-10T16:19:14 PST" name="Default suite" finished-at="2025-02-10T16:19:16 PST" duration-ms="1967">
    <groups>
    </groups>
    <test started-at="2025-02-10T16:19:14 PST" name="Default test" finished-at="2025-02-10T16:19:16 PST" duration-ms="1967">
      <class name="day_four.Parsing_JSONResponseData">
        <test-method signature="test_JSON_Path_Body()[pri:2, instance:day_four.Parsing_JSONResponseData@3754a4bf]" started-at="2025-02-10T16:19:14 PST" name="test_JSON_Path_Body" finished-at="2025-02-10T16:19:16 PST" duration-ms="1912" status="PASS">
          <reporter-output>
          </reporter-output>
        </test-method> <!-- test_JSON_Path_Body -->
      </class> <!-- day_four.Parsing_JSONResponseData -->
    </test> <!-- Default test -->
  </suite> <!-- Default suite -->
</testng-results>
